<?xml version="1.0" encoding="utf-8"?><testsuites name="pytest tests"><testsuite name="pytest" errors="0" failures="0" skipped="0" tests="18" time="76.899" timestamp="2026-04-18T11:14:10.520098+00:00" hostname="agent-env-8ec52790-c48b-4d6d-abbd-71e5aff076da"><testcase classname="backend.tests.test_enhanced_features.TestAPIRoot" name="test_api_root_accessible" time="0.208" /><testcase classname="backend.tests.test_enhanced_features.TestStatsEndpoint" name="test_stats_endpoint_returns_200" time="0.112" /><testcase classname="backend.tests.test_enhanced_features.TestStatsEndpoint" name="test_stats_contains_required_fields" time="0.116" /><testcase classname="backend.tests.test_enhanced_features.TestStatsEndpoint" name="test_stats_prediction_distribution_structure" time="0.133" /><testcase classname="backend.tests.test_enhanced_features.TestStatsEndpoint" name="test_stats_content_type_distribution_structure" time="0.139" /><testcase classname="backend.tests.test_enhanced_features.TestRecentClaimsEndpoint" name="test_claims_recent_returns_200" time="0.095" /><testcase classname="backend.tests.test_enhanced_features.TestRecentClaimsEndpoint" name="test_claims_recent_with_limit" time="0.129" /><testcase classname="backend.tests.test_enhanced_features.TestRecentClaimsEndpoint" name="test_claims_recent_structure" time="0.100" /><testcase classname="backend.tests.test_enhanced_features.TestEnhancedTextAnalysis" name="test_text_analysis_returns_weighted_score" time="13.377" /><testcase classname="backend.tests.test_enhanced_features.TestEnhancedTextAnalysis" name="test_text_analysis_returns_confidence_interval" time="9.391" /><testcase classname="backend.tests.test_enhanced_features.TestEnhancedTextAnalysis" name="test_text_analysis_returns_agreement_score" time="8.405" /><testcase classname="backend.tests.test_enhanced_features.TestEnhancedTextAnalysis" name="test_text_analysis_extracts_claims" time="8.426" /><testcase classname="backend.tests.test_enhanced_features.TestEnhancedTextAnalysis" name="test_text_analysis_wikipedia_verification" time="10.341" /><testcase classname="backend.tests.test_enhanced_features.TestEnhancedTextAnalysis" name="test_text_analysis_all_enhanced_fields" time="15.762" /><testcase classname="backend.tests.test_enhanced_features.TestHistoryEndpoint" name="test_history_returns_200" time="0.474" /><testcase classname="backend.tests.test_enhanced_features.TestHistoryEndpoint" name="test_history_item_structure" time="0.101" /><testcase classname="backend.tests.test_enhanced_features.TestAnalysisRetrieval" name="test_analysis_retrieval_by_id" time="9.313" /><testcase classname="backend.tests.test_enhanced_features.TestAnalysisRetrieval" name="test_analysis_retrieval_not_found" time="0.126" /></testsuite></testsuites>